<?xml version='1.0' encoding='utf-8'?>
<widget android-packageName="io.cordova.hellocordova.android" id="io.cordova.hellocordova" ios-CFBundleIdentifier="io.cordova.hellocordova.ios" version="0.0.1" xmlns="http://www.w3.org/ns/widgets" xmlns:cdv="http://cordova.apache.org/ns/1.0" xmlns:android="http://schemas.android.com/apk/res/android">
    <name>Hello Cordova</name>
    <description>
        A sample Apache Cordova application that responds to the deviceready event.
    </description>
    <author email="dev@cordova.apache.org" href="http://cordova.io">
        Apache Cordova Team
    </author>
    <content src="index.html" />
    <access origin="*" />
    <platform name="android">
      <config-file parent="/manifest" target="AndroidManifest.xml">
        <uses-permission android:name="android.permission.VIBRATE" />
      </config-file>
    </platform>
    <platform name="ios">
        <allow-intent href="itms:*" />
        <allow-intent href="itms-apps:*" />
        <config-file parent="NSCameraUsageDescription" target="*-Info.plist">
            <string>This app uses Camera</string>
        </config-file>
        <config-file parent="LSApplicationQueriesSchemes" target="*-Info.plist">
            <array>
                <string>twitter</string>
            </array>
        </config-file>
    </platform>
</widget>
